<?xml version="1.0" encoding="UTF-8"?>
<!-- Generated by org.testng.reporters.JUnitReportReporter -->
<testsuite skipped="0" hostname="DESKTOP-HJ8VKPG" name="com.nopcommerce.login.Level_08_Register_Login_Page_Dynamic_Locator" tests="1" failures="0" timestamp="25 Aug 2021 23:14:06 GMT" time="8.504" errors="0">
  <testcase name="Login_04_Open_Page_At_Footer" time="8.504" classname="com.nopcommerce.login.Level_08_Register_Login_Page_Dynamic_Locator"/>
</testsuite> <!-- com.nopcommerce.login.Level_08_Register_Login_Page_Dynamic_Locator -->
