<?xml version="1.0" encoding="UTF-8"?>
<!-- Generated by org.testng.reporters.JUnitReportReporter -->
<testsuite skipped="0" hostname="DESKTOP-HJ8VKPG" name="com.bankguru.login.Level_01_Register_Login_Repeat_Yourself" tests="3" failures="0" timestamp="28 Feb 2021 23:57:36 GMT" time="0.023" errors="0">
  <testcase name="Login_01_Empty_Email" time="0.017" classname="com.bankguru.login.Level_01_Register_Login_Repeat_Yourself"/>
  <testcase name="Login_02_Invalid_Email" time="0.002" classname="com.bankguru.login.Level_01_Register_Login_Repeat_Yourself"/>
  <testcase name="Login_03_Valid_Email" time="0.004" classname="com.bankguru.login.Level_01_Register_Login_Repeat_Yourself"/>
</testsuite> <!-- com.bankguru.login.Level_01_Register_Login_Repeat_Yourself -->
