<?xml version="1.0" encoding="UTF-8"?>
<!-- Generated by org.testng.reporters.JUnitReportReporter -->
<testsuite skipped="0" hostname="DESKTOP-HJ8VKPG" name="com.nopcommerce.login.Level_06_Register_Login_Page_Generator" tests="2" failures="0" timestamp="01 Aug 2021 03:51:11 GMT" time="9.133" errors="0">
  <testcase name="Login_02_Login_To_System" time="2.480" classname="com.nopcommerce.login.Level_06_Register_Login_Page_Generator"/>
  <testcase name="Login_01_Register_To_System" time="6.653" classname="com.nopcommerce.login.Level_06_Register_Login_Page_Generator"/>
</testsuite> <!-- com.nopcommerce.login.Level_06_Register_Login_Page_Generator -->
