<?xml version="1.0" encoding="UTF-8"?>
<!-- Generated by org.testng.reporters.JUnitReportReporter -->
<testsuite skipped="0" hostname="DESKTOP-HJ8VKPG" name="com.nopcommerce.login.Level_03_Register_Login_Page_Object" tests="2" failures="0" timestamp="17 Jul 2021 04:30:39 GMT" time="13.324" errors="0">
  <testcase name="Login_02_Login_To_System" time="3.631" classname="com.nopcommerce.login.Level_03_Register_Login_Page_Object"/>
  <testcase name="Login_01_Register_To_System" time="9.693" classname="com.nopcommerce.login.Level_03_Register_Login_Page_Object"/>
</testsuite> <!-- com.nopcommerce.login.Level_03_Register_Login_Page_Object -->
