<?xml version="1.0" encoding="UTF-8"?>
<!-- Generated by org.testng.reporters.JUnitReportReporter -->
<testsuite skipped="0" hostname="DESKTOP-HJ8VKPG" name="com.bankguru.login.Level_02_Register_Login_Base_Page_3" tests="2" failures="0" timestamp="06 Mar 2021 04:27:50 GMT" time="6.959" errors="0">
  <testcase name="Login_02_Login_To_System" time="3.156" classname="com.bankguru.login.Level_02_Register_Login_Base_Page_3"/>
  <testcase name="Login_01_Register_To_System" time="3.803" classname="com.bankguru.login.Level_02_Register_Login_Base_Page_3"/>
</testsuite> <!-- com.bankguru.login.Level_02_Register_Login_Base_Page_3 -->
