<?xml version="1.0" encoding="UTF-8"?>
<!-- Generated by org.testng.reporters.JUnitReportReporter -->
<testsuite skipped="0" hostname="DESKTOP-HJ8VKPG" name="com.jquery.datatable.Level_09_DataTable" tests="1" failures="0" timestamp="25 Aug 2021 23:14:06 GMT" time="10.141" errors="0">
  <testcase name="Table_06_Click_Icon_At_Row" time="10.141" classname="com.jquery.datatable.Level_09_DataTable"/>
</testsuite> <!-- com.jquery.datatable.Level_09_DataTable -->
