<?xml version="1.0" encoding="UTF-8"?>
<!-- Generated by org.testng.reporters.JUnitReportReporter -->
<testsuite skipped="0" hostname="DESKTOP-HJ8VKPG" name="com.nopcommerce.login.Level_07_Register_Login_Page_Switch_Page" tests="3" failures="0" timestamp="07 Aug 2021 13:58:42 GMT" time="17.369" errors="0">
  <testcase name="Login_02_Login_To_System" time="4.132" classname="com.nopcommerce.login.Level_07_Register_Login_Page_Switch_Page"/>
  <testcase name="Login_01_Register_To_System" time="7.295" classname="com.nopcommerce.login.Level_07_Register_Login_Page_Switch_Page"/>
  <testcase name="Login_03_Switch_Page_At_Footer" time="5.942" classname="com.nopcommerce.login.Level_07_Register_Login_Page_Switch_Page"/>
</testsuite> <!-- com.nopcommerce.login.Level_07_Register_Login_Page_Switch_Page -->
