<?xml version="1.0" encoding="UTF-8"?>
<!-- Generated by org.testng.reporters.JUnitReportReporter -->
<testsuite skipped="0" hostname="DESKTOP-HJ8VKPG" name="com.nopcommerce.login.Level_05_Register_Login_Page_Factory_" tests="2" failures="0" timestamp="29 Jul 2021 13:53:00 GMT" time="12.669" errors="0">
  <testcase name="Login_01_Register_To_System" time="9.476" classname="com.nopcommerce.login.Level_05_Register_Login_Page_Factory_"/>
  <testcase name="Login_02_Login_To_System" time="3.193" classname="com.nopcommerce.login.Level_05_Register_Login_Page_Factory_"/>
</testsuite> <!-- com.nopcommerce.login.Level_05_Register_Login_Page_Factory_ -->
