<?xml version="1.0" encoding="UTF-8"?>
<!-- Generated by org.testng.reporters.JUnitReportReporter -->
<testsuite skipped="0" hostname="DESKTOP-HJ8VKPG" name="com.liveguru.login.Level_04_Register_Multiple_Browser" tests="18" failures="0" timestamp="25 Jul 2021 10:08:35 GMT" time="65.368" errors="0">
  <testcase name="Login_05_Incorrect_Password" time="2.419" classname="com.liveguru.login.Level_04_Register_Multiple_Browser"/>
  <testcase name="Login_01_Empty_Email_Password" time="5.997" classname="com.liveguru.login.Level_04_Register_Multiple_Browser"/>
  <testcase name="Login_06_Valid_Email_Password" time="5.954" classname="com.liveguru.login.Level_04_Register_Multiple_Browser"/>
  <testcase name="Login_02_Invalid_Email" time="5.064" classname="com.liveguru.login.Level_04_Register_Multiple_Browser"/>
  <testcase name="Login_05_Incorrect_Password" time="2.365" classname="com.liveguru.login.Level_04_Register_Multiple_Browser"/>
  <testcase name="Login_03_Invalid_Password" time="4.632" classname="com.liveguru.login.Level_04_Register_Multiple_Browser"/>
  <testcase name="Login_04_Incorrect_Email" time="2.630" classname="com.liveguru.login.Level_04_Register_Multiple_Browser"/>
  <testcase name="Login_01_Empty_Email_Password" time="6.063" classname="com.liveguru.login.Level_04_Register_Multiple_Browser"/>
  <testcase name="Login_04_Incorrect_Email" time="5.801" classname="com.liveguru.login.Level_04_Register_Multiple_Browser"/>
  <testcase name="Login_06_Valid_Email_Password" time="2.646" classname="com.liveguru.login.Level_04_Register_Multiple_Browser"/>
  <testcase name="Login_01_Empty_Email_Password" time="5.550" classname="com.liveguru.login.Level_04_Register_Multiple_Browser"/>
  <testcase name="Login_02_Invalid_Email" time="1.348" classname="com.liveguru.login.Level_04_Register_Multiple_Browser"/>
  <testcase name="Login_03_Invalid_Password" time="1.280" classname="com.liveguru.login.Level_04_Register_Multiple_Browser"/>
  <testcase name="Login_02_Invalid_Email" time="1.269" classname="com.liveguru.login.Level_04_Register_Multiple_Browser"/>
  <testcase name="Login_03_Invalid_Password" time="1.290" classname="com.liveguru.login.Level_04_Register_Multiple_Browser"/>
  <testcase name="Login_04_Incorrect_Email" time="2.477" classname="com.liveguru.login.Level_04_Register_Multiple_Browser"/>
  <testcase name="Login_06_Valid_Email_Password" time="2.574" classname="com.liveguru.login.Level_04_Register_Multiple_Browser"/>
  <testcase name="Login_05_Incorrect_Password" time="6.009" classname="com.liveguru.login.Level_04_Register_Multiple_Browser"/>
</testsuite> <!-- com.liveguru.login.Level_04_Register_Multiple_Browser -->
