<?xml version="1.0" encoding="UTF-8"?>
<!-- Generated by org.testng.reporters.JUnitReportReporter -->
<testsuite skipped="0" hostname="DESKTOP-HJ8VKPG" name="com.nopcommerce.login.Level_04_Register_Multiple_Browser" tests="2" failures="0" timestamp="29 Jul 2021 13:53:00 GMT" time="15.769" errors="0">
  <testcase name="Login_01_Register_To_System" time="10.896" classname="com.nopcommerce.login.Level_04_Register_Multiple_Browser"/>
  <testcase name="Login_02_Login_To_System" time="4.873" classname="com.nopcommerce.login.Level_04_Register_Multiple_Browser"/>
</testsuite> <!-- com.nopcommerce.login.Level_04_Register_Multiple_Browser -->
