<?xml version="1.0" encoding="UTF-8"?>
<!-- Generated by org.testng.reporters.JUnitReportReporter -->
<testsuite skipped="0" hostname="DESKTOP-HJ8VKPG" name="com.nopcommerce.login.Level_08_Register_Login_Page_Dynamic_Locator" tests="2" failures="0" timestamp="10 Aug 2021 14:28:54 GMT" time="15.598" errors="0">
  <testcase name="Login_04_Open_Page_At_Footer" time="5.524" classname="com.nopcommerce.login.Level_08_Register_Login_Page_Dynamic_Locator"/>
  <testcase name="Login_03_Open_Page_At_Footer" time="10.074" classname="com.nopcommerce.login.Level_08_Register_Login_Page_Dynamic_Locator"/>
</testsuite> <!-- com.nopcommerce.login.Level_08_Register_Login_Page_Dynamic_Locator -->
